{
  "RSpec": {
    "coverage": {
      "/Users/baileybauman/Documents/CSCE 431/project/Care-Coordinator/spec/controllers/application_controller_spec.rb": [
        1,
        null,
        null,
        null,
        null,
        1,
        null,
        null,
        null,
        null,
        1,
        1,
        null,
        null,
        null,
        null,
        null,
        1,
        1,
        null,
        null,
        null,
        null,
        1,
        0,
        null,
        null,
        null,
        null,
        null,
        null,
        1,
        null,
        null,
        null,
        1,
        null,
        null,
        1,
        1,
        null,
        null,
        null,
        0,
        null,
        null,
        1,
        0,
        null,
        null,
        null,
        null,
        null,
        null,
        null,
        null,
        1,
        1,
        1,
        1,
        1,
        null,
        0,
        null,
        null,
        null,
        null,
        null,
        null,
        null,
        null,
        1,
        null,
        1,
        0,
        null,
        null,
        null,
        1,
        1,
        1,
        2,
        0,
        null,
        null,
        null,
        null,
        1,
        0,
        null,
        0,
        null,
        null,
        1,
        null,
        0,
        0,
        null,
        null,
        null,
        null,
        null,
        null,
        null,
        null,
        1,
        null,
        1,
        null,
        null,
        null,
        3,
        null,
        null,
        1,
        2,
        null,
        null,
        null,
        1,
        0,
        null,
        null,
        null,
        1,
        0,
        null,
        null,
        null,
        1,
        null,
        null,
        1,
        null,
        null,
        null,
        1,
        1,
        0,
        null,
        null,
        null,
        1,
        1,
        null,
        null,
        null,
        null,
        null,
        null,
        null,
        1,
        null,
        1,
        null,
        null,
        null,
        null,
        4,
        null,
        null,
        1,
        null,
        null,
        1,
        0,
        0,
        null,
        null,
        1,
        null,
        null,
        1,
        null,
        0,
        null,
        null,
        null,
        null,
        1,
        1,
        0,
        null,
        null,
        null,
        1,
        null,
        null,
        1,
        1,
        null,
        1,
        null,
        null,
        1,
        null,
        0,
        0,
        null,
        null,
        1,
        null,
        1,
        null,
        0,
        0,
        0,
        null,
        0,
        null,
        null,
        1,
        null,
        1,
        1,
        0,
        null,
        0,
        null,
        null,
        null,
        null
      ],
      "/Users/baileybauman/Documents/CSCE 431/project/Care-Coordinator/spec/rails_helper.rb": [
        null,
        1,
        1,
        null,
        1,
        1,
        1,
        null,
        null,
        null,
        null,
        null,
        null,
        null,
        null,
        null,
        null,
        null,
        null,
        null,
        null,
        null,
        null,
        null,
        null,
        null,
        1,
        null,
        1,
        null,
        1,
        null,
        null,
        null,
        null,
        1,
        null,
        null,
        null,
        null,
        null,
        null,
        null,
        null,
        null,
        null,
        null,
        null,
        null,
        null,
        1,
        null,
        null,
        1,
        null,
        null,
        null
      ],
      "/Users/baileybauman/Documents/CSCE 431/project/Care-Coordinator/config/environment.rb": [
        null,
        1,
        null,
        null,
        1
      ],
      "/Users/baileybauman/Documents/CSCE 431/project/Care-Coordinator/config/application.rb": [
        1,
        null,
        1,
        null,
        null,
        null,
        1,
        null,
        1,
        1,
        null,
        null,
        null,
        null,
        null,
        null,
        null,
        null,
        null,
        null,
        null,
        null,
        null,
        1,
        1,
        1,
        null,
        null
      ],
      "/Users/baileybauman/Documents/CSCE 431/project/Care-Coordinator/config/boot.rb": [
        1,
        null,
        1
      ],
      "/Users/baileybauman/Documents/CSCE 431/project/Care-Coordinator/config/environments/development.rb": [
        1,
        null,
        null,
        null,
        null,
        null,
        1,
        null,
        null,
        1,
        null,
        null,
        1,
        1,
        null,
        null,
        1,
        null,
        null,
        1,
        null,
        null,
        1,
        null,
        null,
        null,
        null,
        1,
        null,
        null,
        null,
        1,
        null,
        null,
        null,
        null,
        1,
        null,
        null,
        null,
        null
      ],
      "/Users/baileybauman/Documents/CSCE 431/project/Care-Coordinator/config/initializers/assets.rb": [
        null,
        null,
        null,
        1,
        null,
        null,
        null,
        null,
        null,
        null,
        null,
        null,
        1,
        1,
        null,
        1,
        1,
        1,
        null,
        null,
        1,
        1,
        1,
        1
      ],
      "/Users/baileybauman/Documents/CSCE 431/project/Care-Coordinator/config/initializers/backtrace_silencers.rb": [
        null,
        null,
        null,
        null,
        null,
        null,
        null
      ],
      "/Users/baileybauman/Documents/CSCE 431/project/Care-Coordinator/config/initializers/cookies_serializer.rb": [
        null,
        null,
        1
      ],
      "/Users/baileybauman/Documents/CSCE 431/project/Care-Coordinator/config/initializers/filter_parameter_logging.rb": [
        null,
        null,
        null,
        1
      ],
      "/Users/baileybauman/Documents/CSCE 431/project/Care-Coordinator/config/initializers/inflections.rb": [
        null,
        null,
        null,
        null,
        null,
        null,
        null,
        null,
        null,
        null,
        null,
        null,
        null,
        null,
        null,
        null
      ],
      "/Users/baileybauman/Documents/CSCE 431/project/Care-Coordinator/config/initializers/mime_types.rb": [
        null,
        null,
        null,
        null
      ],
      "/Users/baileybauman/Documents/CSCE 431/project/Care-Coordinator/config/initializers/session_store.rb": [
        null,
        null,
        1
      ],
      "/Users/baileybauman/Documents/CSCE 431/project/Care-Coordinator/config/initializers/wrap_parameters.rb": [
        null,
        null,
        null,
        null,
        null,
        null,
        1,
        1,
        null,
        null,
        null,
        null,
        null,
        null
      ],
      "/Users/baileybauman/Documents/CSCE 431/project/Care-Coordinator/config/routes.rb": [
        1,
        null,
        1,
        null,
        1,
        1,
        1,
        1,
        null,
        null,
        null,
        null,
        null,
        null,
        null,
        null,
        null,
        null,
        null,
        null,
        null,
        null,
        null,
        null,
        null,
        1,
        1,
        1,
        null,
        null,
        null,
        null,
        null,
        null,
        null,
        null,
        null,
        null,
        null,
        null,
        null,
        null,
        null,
        null,
        null,
        null,
        null,
        null,
        null,
        null,
        null,
        null,
        null,
        null,
        null,
        null,
        null,
        null,
        null,
        null,
        null,
        null,
        null,
        null,
        null,
        null,
        null,
        null,
        null
      ],
      "/Users/baileybauman/Documents/CSCE 431/project/Care-Coordinator/app/helpers/accounts_helper.rb": [
        1,
        null
      ],
      "/Users/baileybauman/Documents/CSCE 431/project/Care-Coordinator/app/helpers/application_helper.rb": [
        1,
        null
      ],
      "/Users/baileybauman/Documents/CSCE 431/project/Care-Coordinator/app/helpers/appointments_helper.rb": [
        1,
        null
      ],
      "/Users/baileybauman/Documents/CSCE 431/project/Care-Coordinator/app/helpers/movies_helper.rb": [
        1,
        null,
        null
      ],
      "/Users/baileybauman/Documents/CSCE 431/project/Care-Coordinator/app/helpers/test_helper.rb": [
        1,
        null
      ],
      "/Users/baileybauman/Documents/CSCE 431/project/Care-Coordinator/app/helpers/tmpls_helper.rb": [
        1,
        null
      ],
      "/Users/baileybauman/Documents/CSCE 431/project/Care-Coordinator/app/controllers/application_controller.rb": [
        1,
        null,
        null,
        1,
        null
      ]
    },
    "timestamp": 1458093222
  },
  "Cucumber Features": {
    "coverage": {
      "/Users/AxiosMD/Documents/Github/Care-Coordinator/features/support/paths.rb": [
        1,
        null,
        1,
        3,
        null,
        null,
        1,
        null,
        null,
        0,
        null,
        null,
        2,
        2,
        2,
        2,
        2,
        1,
        null,
        null,
        null,
        null,
        null,
        null,
        1
      ],
      "/Users/AxiosMD/Documents/Github/Care-Coordinator/features/support/selectors.rb": [
        1,
        null,
        null,
        null,
        null,
        null,
        null,
        1,
        0,
        null,
        null,
        0,
        null,
        null,
        null,
        null,
        null,
        null,
        null,
        null,
        null,
        null,
        null,
        null,
        null,
        null,
        null,
        null,
        null,
        0,
        null,
        null,
        0,
        null,
        null,
        null,
        null,
        null,
        1
      ],
      "/Users/AxiosMD/Documents/Github/Care-Coordinator/features/step_definitions/web_steps.rb": [
        1,
        3,
        null,
        null,
        null,
        null,
        1,
        0,
        null,
        null,
        1,
        0,
        null,
        null,
        1,
        0,
        null,
        null,
        1,
        0,
        0,
        null,
        0,
        null,
        null,
        null,
        1,
        0,
        null,
        null,
        1,
        0,
        null,
        null,
        1,
        0,
        null,
        null,
        null,
        null,
        1,
        1,
        null,
        null,
        1,
        0,
        null,
        null,
        1,
        0,
        null,
        null,
        1,
        0,
        null,
        null,
        1,
        0,
        null,
        null,
        1,
        0,
        null
      ],
      "/Users/AxiosMD/Documents/Github/Care-Coordinator/app/controllers/appointments_controller.rb": [
        1,
        null,
        1,
        null,
        1,
        null,
        1,
        0,
        null,
        null,
        1,
        null,
        null,
        1,
        0,
        null,
        null,
        1,
        null,
        null,
        1,
        0,
        0,
        0,
        null,
        null,
        1,
        null,
        null,
        1,
        null,
        null,
        1,
        0,
        0,
        null,
        null
      ],
      "/Users/AxiosMD/Documents/Github/Care-Coordinator/app/controllers/application_controller.rb": [
        1,
        null,
        null,
        1,
        null
      ],
      "/Users/AxiosMD/Documents/Github/Care-Coordinator/app/helpers/application_helper.rb": [
        1,
        null
      ],
      "/Users/AxiosMD/Documents/Github/Care-Coordinator/app/helpers/accounts_helper.rb": [
        1,
        null
      ],
      "/Users/AxiosMD/Documents/Github/Care-Coordinator/app/helpers/appointments_helper.rb": [
        1,
        null
      ],
      "/Users/AxiosMD/Documents/Github/Care-Coordinator/app/helpers/movies_helper.rb": [
        1,
        null,
        null
      ],
      "/Users/AxiosMD/Documents/Github/Care-Coordinator/app/helpers/test_helper.rb": [
        1,
        null
      ],
      "/Users/AxiosMD/Documents/Github/Care-Coordinator/app/helpers/tmpls_helper.rb": [
        1,
        null
      ],
      "/Users/AxiosMD/Documents/Github/Care-Coordinator/app/models/itinerary.rb": [
        1,
        null,
        1,
        1,
        null,
        null,
        1,
        null,
        null,
        null,
        null,
        0,
        0,
        null,
        null,
        null,
        null,
        null,
        null,
        null,
        null,
        0,
        null,
        null,
        null,
        null
      ]
    },
    "timestamp": 1458773925
  }
}
