{
  "RSpec": {
    "coverage": {
      "/Users/nickwarner/Care-Coordinator/spec/calendar_spec.rb": [
        1,
        1,
        null,
        1,
        1,
        null,
        1,
        3,
        null,
        null,
        1,
        2,
        1,
        null,
        1,
        null,
        null,
        null,
        null,
        1,
        3,
        null,
        1,
        1,
        null,
        null,
        1,
        1,
        1,
        null,
        null,
        1,
        1,
        null,
        null,
        null,
        1,
        1,
        null,
        null,
        1,
        1,
        1,
        1,
        1,
        null,
        null,
        1,
        1,
        1,
        1,
        null,
        null,
        1,
        1,
        1,
        1,
        null,
        null,
        null,
        1,
        1,
        1,
        null,
        1,
        1,
        1,
        1,
        null,
        1,
        1,
        1,
        null,
        1,
        null
      ],
      "/Users/nickwarner/Care-Coordinator/lib/simple_calendar/calendar.rb": [
        1,
        null,
        1,
        1,
        1,
        null,
        1,
        6,
        6,
        null,
        null,
        1,
        0,
        null,
        null,
        null,
        null,
        null,
        null,
        null,
        null,
        null,
        null,
        null,
        1,
        0,
        null,
        0,
        0,
        0,
        0,
        0,
        0,
        0,
        0,
        0,
        0,
        null,
        0,
        null,
        null,
        1,
        null,
        1,
        1,
        null,
        null,
        1,
        2,
        null,
        null,
        1,
        0,
        0,
        null,
        0,
        0,
        0,
        0,
        0,
        0,
        null,
        null,
        null,
        0,
        null,
        null,
        1,
        3,
        1,
        null,
        2,
        null,
        null,
        null,
        1,
        0,
        null,
        null,
        1,
        0,
        null,
        null,
        null
      ],
      "/Users/nickwarner/Care-Coordinator/spec/calendars/month_calendar_spec.rb": [
        1,
        1,
        null,
        1,
        1,
        1,
        null
      ],
      "/Users/nickwarner/Care-Coordinator/lib/simple_calendar/month_calendar.rb": [
        1,
        1,
        1,
        null,
        1,
        0,
        null,
        null,
        null,
        null
      ],
      "/Users/nickwarner/Care-Coordinator/spec/controllers/accounts_controller_spec.rb": [
        1,
        null,
        1,
        null,
        1,
        1,
        1,
        1,
        null,
        null,
        null,
        null
      ],
      "/Users/nickwarner/Care-Coordinator/spec/rails_helper.rb": [
        null,
        1,
        1,
        null,
        1,
        1,
        1,
        null,
        null,
        null,
        null,
        null,
        null,
        null,
        null,
        null,
        null,
        null,
        null,
        null,
        null,
        null,
        null,
        null,
        null,
        null,
        1,
        null,
        1,
        null,
        1,
        null,
        null,
        null,
        null,
        1,
        null,
        null,
        null,
        null,
        null,
        null,
        null,
        null,
        null,
        null,
        null,
        null,
        null,
        null,
        1,
        null,
        null,
        1,
        null,
        null,
        null
      ],
      "/Users/nickwarner/Care-Coordinator/config/environment.rb": [
        null,
        1,
        null,
        null,
        1
      ],
      "/Users/nickwarner/Care-Coordinator/config/application.rb": [
        1,
        null,
        1,
        null,
        null,
        null,
        1,
        null,
        1,
        1,
        null,
        null,
        null,
        null,
        null,
        null,
        null,
        null,
        null,
        null,
        null,
        null,
        null,
        1,
        1,
        1,
        null,
        null
      ],
      "/Users/nickwarner/Care-Coordinator/config/boot.rb": [
        1,
        null,
        1
      ],
      "/Users/nickwarner/Care-Coordinator/config/environments/development.rb": [
        1,
        null,
        null,
        null,
        null,
        null,
        1,
        null,
        null,
        1,
        null,
        null,
        1,
        1,
        null,
        null,
        1,
        null,
        null,
        1,
        null,
        null,
        1,
        null,
        null,
        null,
        null,
        1,
        null,
        null,
        null,
        1,
        null,
        null,
        null,
        null,
        1,
        null,
        null,
        null,
        null
      ],
      "/Users/nickwarner/Care-Coordinator/config/initializers/assets.rb": [
        null,
        null,
        null,
        1,
        null,
        null,
        null,
        null,
        null,
        null,
        null,
        null,
        1,
        1,
        null,
        1,
        1,
        1,
        1,
        1,
        1,
        null,
        null,
        1,
        1,
        1,
        1
      ],
      "/Users/nickwarner/Care-Coordinator/config/initializers/backtrace_silencers.rb": [
        null,
        null,
        null,
        null,
        null,
        null,
        null
      ],
      "/Users/nickwarner/Care-Coordinator/config/initializers/cookies_serializer.rb": [
        null,
        null,
        1
      ],
      "/Users/nickwarner/Care-Coordinator/config/initializers/filter_parameter_logging.rb": [
        null,
        null,
        null,
        1
      ],
      "/Users/nickwarner/Care-Coordinator/config/initializers/inflections.rb": [
        null,
        null,
        null,
        null,
        null,
        null,
        null,
        null,
        null,
        null,
        null,
        null,
        null,
        null,
        null,
        null
      ],
      "/Users/nickwarner/Care-Coordinator/config/initializers/mime_types.rb": [
        null,
        null,
        null,
        null
      ],
      "/Users/nickwarner/Care-Coordinator/config/initializers/session_store.rb": [
        null,
        null,
        1
      ],
      "/Users/nickwarner/Care-Coordinator/config/initializers/wrap_parameters.rb": [
        null,
        null,
        null,
        null,
        null,
        null,
        1,
        1,
        null,
        null,
        null,
        null,
        null,
        null
      ],
      "/Users/nickwarner/Care-Coordinator/config/routes.rb": [
        1,
        null,
        1,
        1,
        null,
        1,
        1,
        1,
        1,
        null,
        null,
        null,
        null,
        null,
        null,
        null,
        null,
        null,
        null,
        null,
        null,
        null,
        null,
        null,
        null,
        null,
        1,
        1,
        1,
        null,
        null,
        null,
        null,
        null,
        null,
        null,
        null,
        null,
        null,
        null,
        null,
        null,
        null,
        null,
        null,
        null,
        null,
        null,
        null,
        null,
        null,
        null,
        null,
        null,
        null,
        null,
        null,
        null,
        null,
        null,
        null,
        null,
        null,
        null,
        null,
        null,
        null,
        null,
        null,
        null
      ],
      "/Users/nickwarner/Care-Coordinator/app/helpers/accounts_helper.rb": [
        1,
        null
      ],
      "/Users/nickwarner/Care-Coordinator/app/helpers/application_helper.rb": [
        1,
        null
      ],
      "/Users/nickwarner/Care-Coordinator/app/helpers/appointments_helper.rb": [
        1,
        null
      ],
      "/Users/nickwarner/Care-Coordinator/app/helpers/movies_helper.rb": [
        1,
        null,
        null
      ],
      "/Users/nickwarner/Care-Coordinator/app/helpers/test_helper.rb": [
        1,
        null
      ],
      "/Users/nickwarner/Care-Coordinator/app/helpers/tmpls_helper.rb": [
        1,
        null
      ],
      "/Users/nickwarner/Care-Coordinator/app/controllers/accounts_controller.rb": [
        1,
        null,
        1,
        null,
        1,
        null,
        1,
        1,
        null,
        null,
        1,
        null,
        1,
        0,
        0,
        0,
        0,
        0,
        null,
        null,
        null,
        1,
        0,
        null,
        null,
        null,
        null,
        1,
        null,
        null,
        null,
        1,
        null,
        null,
        0,
        0,
        0,
        0,
        null,
        null,
        0,
        0,
        0,
        null,
        0,
        null,
        null,
        null,
        1,
        null,
        null,
        1,
        null,
        null,
        1,
        null,
        null,
        null
      ],
      "/Users/nickwarner/Care-Coordinator/app/controllers/application_controller.rb": [
        1,
        null,
        null,
        1,
        null,
        1,
        null,
        1,
        null,
        5,
        0,
        null,
        null,
        null,
        null,
        1,
        null,
        1,
        null,
        null
      ],
      "/Users/nickwarner/Care-Coordinator/spec/controllers/application_controller_spec.rb": [
        1,
        null,
        null,
        null,
        null,
        1,
        null,
        null,
        null,
        null,
        null,
        null,
        null,
        null,
        null,
        null,
        null
      ],
      "/Users/nickwarner/Care-Coordinator/spec/controllers/appointments_controller_spec.rb": [
        1,
        null,
        1,
        null,
        1,
        9,
        null,
        null,
        1,
        1,
        1,
        1,
        null,
        1,
        1,
        1,
        null,
        1,
        1,
        null,
        null,
        1,
        1,
        null,
        null,
        null,
        1,
        1,
        1,
        1,
        1,
        null,
        1,
        1,
        1,
        1,
        null,
        1,
        1,
        1,
        null,
        null,
        1,
        1,
        1,
        1,
        1,
        null,
        1,
        1,
        1,
        1,
        null,
        null,
        null,
        null,
        null
      ],
      "/Users/nickwarner/Care-Coordinator/app/controllers/appointments_controller.rb": [
        1,
        null,
        1,
        null,
        1,
        3,
        null,
        null,
        null,
        null,
        null,
        null,
        1,
        3,
        null,
        null,
        null,
        null,
        null,
        null,
        1,
        null,
        1,
        null,
        1,
        3,
        null,
        null,
        1,
        null,
        null,
        1,
        1,
        null,
        null,
        1,
        1,
        1,
        null,
        null,
        null,
        null,
        null,
        1,
        1,
        null,
        null,
        1,
        1,
        1,
        1,
        null,
        null,
        1,
        1,
        null,
        1,
        1,
        1,
        1,
        1,
        1,
        1,
        null,
        null,
        1,
        0,
        0,
        0,
        0,
        0,
        null,
        null,
        1,
        0,
        0,
        0,
        null,
        null
      ],
      "/Users/nickwarner/Care-Coordinator/spec/controllers/test_controller_spec.rb": [
        1,
        null,
        1,
        null,
        1,
        1,
        1,
        0,
        null,
        null,
        null,
        null
      ],
      "/Users/nickwarner/Care-Coordinator/app/controllers/test_controller.rb": [
        1,
        null,
        1,
        null,
        1,
        null,
        null
      ],
      "/Users/nickwarner/Care-Coordinator/spec/controllers/tmpls_controller_spec.rb": [
        1,
        null,
        1,
        null,
        1,
        1,
        1,
        0,
        null,
        null,
        null,
        null
      ],
      "/Users/nickwarner/Care-Coordinator/app/controllers/tmpls_controller.rb": [
        1,
        null,
        1,
        null,
        1,
        null,
        null
      ],
      "/Users/nickwarner/Care-Coordinator/spec/helpers/accounts_helper_spec.rb": [
        1,
        1,
        1,
        null,
        null,
        null,
        null,
        null,
        null,
        null,
        null,
        null,
        null,
        1,
        1,
        null
      ],
      "/Users/nickwarner/Care-Coordinator/spec/helpers/appointments_helper_spec.rb": [
        1,
        1,
        1,
        null,
        null,
        null,
        null,
        null,
        null,
        null,
        null,
        null,
        null,
        1,
        1,
        null
      ],
      "/Users/nickwarner/Care-Coordinator/spec/helpers/test_helper_spec.rb": [
        1,
        1,
        1,
        null,
        null,
        null,
        null,
        null,
        null,
        null,
        null,
        null,
        null,
        1,
        1,
        null
      ],
      "/Users/nickwarner/Care-Coordinator/spec/helpers/tmpls_helper_spec.rb": [
        1,
        1,
        1,
        null,
        null,
        null,
        null,
        null,
        null,
        null,
        null,
        null,
        null,
        1,
        1,
        null
      ],
      "/Users/nickwarner/Care-Coordinator/spec/models/careProvider_spec.rb": [
        null,
        1,
        null,
        1,
        null,
        null,
        null,
        null,
        null
      ],
      "/Users/nickwarner/Care-Coordinator/app/models/care_provider.rb": [
        1,
        null
      ],
      "/Users/nickwarner/Care-Coordinator/spec/models/comment_spec.rb": [
        null,
        1,
        null,
        1,
        null,
        null,
        null,
        null,
        null
      ],
      "/Users/nickwarner/Care-Coordinator/app/models/comment.rb": [
        1,
        1,
        null
      ],
      "/Users/nickwarner/Care-Coordinator/spec/models/emaiLink_spec.rb": [
        null,
        1,
        null,
        1,
        null,
        null,
        null,
        null,
        null
      ],
      "/Users/nickwarner/Care-Coordinator/app/models/email_link.rb": [
        1,
        1,
        null
      ],
      "/Users/nickwarner/Care-Coordinator/spec/models/itineraryStatus_spec.rb": [
        null,
        1,
        null,
        1,
        null,
        null,
        null,
        null,
        null
      ],
      "/Users/nickwarner/Care-Coordinator/app/models/itinerary_status.rb": [
        1,
        null
      ],
      "/Users/nickwarner/Care-Coordinator/spec/models/itinerary_spec.rb": [
        null,
        1,
        null,
        1,
        1,
        1,
        1,
        null,
        null,
        null,
        null,
        null,
        null,
        null,
        null,
        null
      ],
      "/Users/nickwarner/Care-Coordinator/app/models/itinerary.rb": [
        1,
        1,
        1,
        1,
        2,
        null,
        null,
        1,
        null,
        null,
        null,
        null,
        3,
        3,
        null,
        null,
        null,
        null,
        null,
        null,
        null,
        null,
        3,
        null,
        null
      ],
      "/Users/nickwarner/Care-Coordinator/spec/models/test_spec.rb": [
        1,
        null,
        1,
        1,
        null
      ],
      "/Users/nickwarner/Care-Coordinator/app/models/test.rb": [
        1,
        null
      ],
      "/Users/nickwarner/Care-Coordinator/spec/models/user_spec.rb": [
        null,
        1,
        null,
        1,
        null,
        null,
        null,
        null,
        null,
        null,
        null,
        null,
        null,
        null,
        null,
        null,
        null,
        null,
        null,
        null,
        null
      ],
      "/Users/nickwarner/Care-Coordinator/app/models/user.rb": [
        1,
        1,
        1,
        null
      ],
      "/Users/nickwarner/Care-Coordinator/spec/simple_calendar_spec.rb": [
        1,
        1,
        null,
        1,
        1,
        1,
        null,
        null
      ],
      "/Users/nickwarner/Care-Coordinator/spec/views/accounts/login.html.erb_spec.rb": [
        1,
        null,
        1,
        1,
        null
      ],
      "/Users/nickwarner/Care-Coordinator/spec/views/appointments/daily.html.erb_spec.rb": [
        1,
        null,
        1,
        1,
        null
      ],
      "/Users/nickwarner/Care-Coordinator/spec/views/test/index.html.erb_spec.rb": [
        1,
        null,
        1,
        1,
        null
      ],
      "/Users/nickwarner/Care-Coordinator/spec/views/tmpls/month.html.json_spec.rb": [
        1,
        null,
        1,
        1,
        null
      ],
      "/Users/nickwarner/Care-Coordinator/spec/views_generators_spec.rb": [
        1,
        1,
        null,
        1,
        1,
        1,
        null
      ],
      "/Users/nickwarner/Care-Coordinator/lib/generators/simple_calendar/views_generator.rb": [
        1,
        null,
        1,
        1,
        1,
        1,
        null,
        1,
        0,
        null,
        null,
        null,
        null
      ]
    },
    "timestamp": 1458936307
  },
  "Cucumber Features": {
    "coverage": {
      "/Users/jfairchild23/Documents/Code/GitHub/Care-Coordinator/features/support/paths.rb": [
        1,
        null,
        1,
        4,
        null,
        null,
        2,
        null,
        null,
        0,
        null,
        null,
        2,
        null,
        null,
        0,
        null,
        null,
        0,
        null,
        null,
        0,
        0,
        0,
        0,
        0,
        0,
        null,
        null,
        null,
        null,
        null,
        null,
        1
      ],
      "/Users/jfairchild23/Documents/Code/GitHub/Care-Coordinator/features/support/selectors.rb": [
        1,
        null,
        null,
        null,
        null,
        null,
        null,
        1,
        0,
        null,
        null,
        0,
        null,
        null,
        null,
        null,
        null,
        null,
        null,
        null,
        null,
        null,
        null,
        null,
        null,
        null,
        null,
        null,
        null,
        0,
        null,
        null,
        0,
        null,
        null,
        null,
        null,
        null,
        1
      ],
      "/Users/jfairchild23/Documents/Code/GitHub/Care-Coordinator/features/step_definitions/web_steps.rb": [
        1,
        3,
        null,
        null,
        null,
        null,
        1,
        0,
        null,
        null,
        1,
        0,
        null,
        null,
        1,
        0,
        null,
        null,
        1,
        0,
        0,
        null,
        0,
        null,
        null,
        null,
        1,
        0,
        null,
        null,
        1,
        0,
        null,
        null,
        1,
        0,
        0,
        null,
        0,
        null,
        null,
        null,
        null,
        null,
        1,
        1,
        null,
        null,
        1,
        1,
        1,
        null,
        0,
        null,
        null,
        null,
        1,
        0,
        null,
        null,
        1,
        0,
        0,
        null,
        0,
        null,
        null,
        null,
        1,
        0,
        null,
        null,
        1,
        0,
        0,
        null,
        0,
        null,
        null,
        null,
        null,
        null,
        1,
        1,
        null,
        null,
        1,
        1,
        0,
        null,
        1,
        null,
        null
      ],
      "/Users/jfairchild23/Documents/Code/GitHub/Care-Coordinator/app/controllers/appointments_controller.rb": [
        1,
        null,
        1,
        0,
        null,
        null,
        null,
        null,
        null,
        null,
        1,
        0,
        null,
        null,
        null,
        null,
        null,
        null,
        1,
        null,
        3,
        null,
        3,
        7,
        null,
        null,
        3,
        null,
        null,
        1,
        0,
        null,
        null,
        1,
        0,
        0,
        null,
        null,
        null,
        null,
        null,
        0,
        0,
        null,
        null,
        1,
        0,
        0,
        0,
        null,
        null,
        1,
        0,
        null,
        0,
        0,
        0,
        0,
        0,
        0,
        null,
        null,
        1,
        1,
        1,
        1,
        1,
        1,
        null,
        null,
        1,
        2,
        2,
        2,
        null,
        null
      ],
      "/Users/jfairchild23/Documents/Code/GitHub/Care-Coordinator/app/controllers/application_controller.rb": [
        1,
        null,
        null,
        1,
        null,
        null
      ],
      "/Users/jfairchild23/Documents/Code/GitHub/Care-Coordinator/app/helpers/application_helper.rb": [
        1,
        null
      ],
      "/Users/jfairchild23/Documents/Code/GitHub/Care-Coordinator/app/helpers/accounts_helper.rb": [
        1,
        null
      ],
      "/Users/jfairchild23/Documents/Code/GitHub/Care-Coordinator/app/helpers/appointments_helper.rb": [
        1,
        null
      ],
      "/Users/jfairchild23/Documents/Code/GitHub/Care-Coordinator/app/helpers/movies_helper.rb": [
        1,
        null,
        null
      ],
      "/Users/jfairchild23/Documents/Code/GitHub/Care-Coordinator/app/helpers/test_helper.rb": [
        1,
        null
      ],
      "/Users/jfairchild23/Documents/Code/GitHub/Care-Coordinator/app/helpers/tmpls_helper.rb": [
        1,
        null
      ],
      "/Users/jfairchild23/Documents/Code/GitHub/Care-Coordinator/app/models/itinerary.rb": [
        1,
        1,
        1,
        1,
        3,
        null,
        null,
        1,
        null,
        null,
        null,
        null,
        7,
        7,
        null,
        null,
        null,
        null,
        null,
        null,
        null,
        null,
        7,
        null,
        null,
        null,
        null
      ],
      "/Users/jfairchild23/Documents/Code/GitHub/Care-Coordinator/app/models/care_provider.rb": [
        1,
        null
      ],
      "/Users/jfairchild23/Documents/Code/GitHub/Care-Coordinator/app/models/comment.rb": [
        1,
        1,
        null
      ]
    },
    "timestamp": 1458869369
  }
}
